  Game.cpp
F:\VS projekty\SFMLlast\SFMLlast\Game.cpp(247,65): warning C4244: "=": konwersja z "double" do "int", możliwa utrata danych
sfml-window-s.lib(VideoModeImpl.cpp.obj) : error LNK2001: nierozpoznany symbol zewnętrzny __imp_EnumDisplaySettingsW
sfml-window-s.lib(InputImpl.cpp.obj) : error LNK2001: nierozpoznany symbol zewnętrzny __imp_GetAsyncKeyState
sfml-window-s.lib(InputImpl.cpp.obj) : error LNK2001: nierozpoznany symbol zewnętrzny __imp_GetSystemMetrics
sfml-window-s.lib(InputImpl.cpp.obj) : error LNK2001: nierozpoznany symbol zewnętrzny __imp_SetCursorPos
sfml-window-s.lib(InputImpl.cpp.obj) : error LNK2001: nierozpoznany symbol zewnętrzny __imp_GetCursorPos
sfml-window-s.lib(InputImpl.cpp.obj) : error LNK2001: nierozpoznany symbol zewnętrzny __imp_ClientToScreen
sfml-window-s.lib(InputImpl.cpp.obj) : error LNK2001: nierozpoznany symbol zewnętrzny __imp_ScreenToClient
sfml-window-s.lib(WindowImplWin32.cpp.obj) : error LNK2001: nierozpoznany symbol zewnętrzny __imp_ScreenToClient
sfml-window-s.lib(CursorImpl.cpp.obj) : error LNK2001: nierozpoznany symbol zewnętrzny __imp_CreateBitmap
sfml-window-s.lib(CursorImpl.cpp.obj) : error LNK2001: nierozpoznany symbol zewnętrzny __imp_DeleteObject
sfml-window-s.lib(CursorImpl.cpp.obj) : error LNK2001: nierozpoznany symbol zewnętrzny __imp_CreateDIBSection
sfml-window-s.lib(CursorImpl.cpp.obj) : error LNK2001: nierozpoznany symbol zewnętrzny __imp_GetDC
sfml-window-s.lib(WglContext.cpp.obj) : error LNK2001: nierozpoznany symbol zewnętrzny __imp_GetDC
sfml-window-s.lib(WindowImplWin32.cpp.obj) : error LNK2001: nierozpoznany symbol zewnętrzny __imp_GetDC
sfml-window-s.lib(CursorImpl.cpp.obj) : error LNK2001: nierozpoznany symbol zewnętrzny __imp_ReleaseDC
sfml-window-s.lib(WglContext.cpp.obj) : error LNK2001: nierozpoznany symbol zewnętrzny __imp_ReleaseDC
sfml-window-s.lib(WindowImplWin32.cpp.obj) : error LNK2001: nierozpoznany symbol zewnętrzny __imp_ReleaseDC
sfml-window-s.lib(CursorImpl.cpp.obj) : error LNK2001: nierozpoznany symbol zewnętrzny __imp_LoadCursorW
sfml-window-s.lib(WindowImplWin32.cpp.obj) : error LNK2001: nierozpoznany symbol zewnętrzny __imp_LoadCursorW
sfml-window-s.lib(CursorImpl.cpp.obj) : error LNK2001: nierozpoznany symbol zewnętrzny __imp_DestroyCursor
sfml-window-s.lib(CursorImpl.cpp.obj) : error LNK2001: nierozpoznany symbol zewnętrzny __imp_CreateIconIndirect
sfml-window-s.lib(CursorImpl.cpp.obj) : error LNK2001: nierozpoznany symbol zewnętrzny __imp_CopyIcon
sfml-window-s.lib(WglContext.cpp.obj) : error LNK2001: nierozpoznany symbol zewnętrzny __imp_ChoosePixelFormat
sfml-window-s.lib(WglContext.cpp.obj) : error LNK2001: nierozpoznany symbol zewnętrzny __imp_DescribePixelFormat
sfml-window-s.lib(WglContext.cpp.obj) : error LNK2001: nierozpoznany symbol zewnętrzny __imp_GetPixelFormat
sfml-window-s.lib(WglContext.cpp.obj) : error LNK2001: nierozpoznany symbol zewnętrzny __imp_SetPixelFormat
sfml-window-s.lib(WglContext.cpp.obj) : error LNK2001: nierozpoznany symbol zewnętrzny __imp_SwapBuffers
sfml-window-s.lib(WglContext.cpp.obj) : error LNK2001: nierozpoznany symbol zewnętrzny __imp_CreateWindowExA
sfml-window-s.lib(WglContext.cpp.obj) : error LNK2001: nierozpoznany symbol zewnętrzny __imp_DestroyWindow
sfml-window-s.lib(WindowImplWin32.cpp.obj) : error LNK2001: nierozpoznany symbol zewnętrzny __imp_DestroyWindow
sfml-window-s.lib(WglContext.cpp.obj) : error LNK2001: nierozpoznany symbol zewnętrzny __imp_ShowWindow
sfml-window-s.lib(WindowImplWin32.cpp.obj) : error LNK2001: nierozpoznany symbol zewnętrzny __imp_ShowWindow
sfml-window-s.lib(WindowImplWin32.cpp.obj) : error LNK2001: nierozpoznany symbol zewnętrzny __imp_GetDeviceCaps
sfml-window-s.lib(WindowImplWin32.cpp.obj) : error LNK2001: nierozpoznany symbol zewnętrzny __imp_TrackMouseEvent
sfml-window-s.lib(WindowImplWin32.cpp.obj) : error LNK2001: nierozpoznany symbol zewnętrzny __imp_TranslateMessage
sfml-window-s.lib(WindowImplWin32.cpp.obj) : error LNK2001: nierozpoznany symbol zewnętrzny __imp_DispatchMessageW
sfml-window-s.lib(WindowImplWin32.cpp.obj) : error LNK2001: nierozpoznany symbol zewnętrzny __imp_PeekMessageW
sfml-window-s.lib(WindowImplWin32.cpp.obj) : error LNK2001: nierozpoznany symbol zewnętrzny __imp_SendMessageW
sfml-window-s.lib(WindowImplWin32.cpp.obj) : error LNK2001: nierozpoznany symbol zewnętrzny __imp_RegisterDeviceNotificationW
sfml-window-s.lib(WindowImplWin32.cpp.obj) : error LNK2001: nierozpoznany symbol zewnętrzny __imp_DefWindowProcW
sfml-window-s.lib(WindowImplWin32.cpp.obj) : error LNK2001: nierozpoznany symbol zewnętrzny __imp_CallWindowProcW
sfml-window-s.lib(WindowImplWin32.cpp.obj) : error LNK2001: nierozpoznany symbol zewnętrzny __imp_RegisterClassW
sfml-window-s.lib(WindowImplWin32.cpp.obj) : error LNK2001: nierozpoznany symbol zewnętrzny __imp_UnregisterClassW
sfml-window-s.lib(WindowImplWin32.cpp.obj) : error LNK2001: nierozpoznany symbol zewnętrzny __imp_CreateWindowExW
sfml-window-s.lib(WindowImplWin32.cpp.obj) : error LNK2001: nierozpoznany symbol zewnętrzny __imp_FlashWindowEx
sfml-window-s.lib(WindowImplWin32.cpp.obj) : error LNK2001: nierozpoznany symbol zewnętrzny __imp_SetWindowPos
sfml-window-s.lib(WindowImplWin32.cpp.obj) : error LNK2001: nierozpoznany symbol zewnętrzny __imp_GetKeyState
sfml-window-s.lib(WindowImplWin32.cpp.obj) : error LNK2001: nierozpoznany symbol zewnętrzny __imp_MapVirtualKeyW
sfml-window-s.lib(WindowImplWin32.cpp.obj) : error LNK2001: nierozpoznany symbol zewnętrzny __imp_GetCapture
sfml-window-s.lib(WindowImplWin32.cpp.obj) : error LNK2001: nierozpoznany symbol zewnętrzny __imp_SetCapture
sfml-window-s.lib(WindowImplWin32.cpp.obj) : error LNK2001: nierozpoznany symbol zewnętrzny __imp_ReleaseCapture
sfml-window-s.lib(WindowImplWin32.cpp.obj) : error LNK2001: nierozpoznany symbol zewnętrzny __imp_GetForegroundWindow
sfml-window-s.lib(WindowImplWin32.cpp.obj) : error LNK2001: nierozpoznany symbol zewnętrzny __imp_SetForegroundWindow
sfml-window-s.lib(WindowImplWin32.cpp.obj) : error LNK2001: nierozpoznany symbol zewnętrzny __imp_SetWindowTextW
sfml-window-s.lib(WindowImplWin32.cpp.obj) : error LNK2001: nierozpoznany symbol zewnętrzny __imp_GetClientRect
sfml-window-s.lib(WindowImplWin32.cpp.obj) : error LNK2001: nierozpoznany symbol zewnętrzny __imp_GetWindowRect
sfml-window-s.lib(WindowImplWin32.cpp.obj) : error LNK2001: nierozpoznany symbol zewnętrzny __imp_AdjustWindowRect
sfml-window-s.lib(WindowImplWin32.cpp.obj) : error LNK2001: nierozpoznany symbol zewnętrzny __imp_ShowCursor
sfml-window-s.lib(WindowImplWin32.cpp.obj) : error LNK2001: nierozpoznany symbol zewnętrzny __imp_SetCursor
sfml-window-s.lib(WindowImplWin32.cpp.obj) : error LNK2001: nierozpoznany symbol zewnętrzny __imp_MapWindowPoints
sfml-window-s.lib(WindowImplWin32.cpp.obj) : error LNK2001: nierozpoznany symbol zewnętrzny __imp_ClipCursor
sfml-window-s.lib(WindowImplWin32.cpp.obj) : error LNK2001: nierozpoznany symbol zewnętrzny __imp_GetWindowLongW
sfml-window-s.lib(WindowImplWin32.cpp.obj) : error LNK2001: nierozpoznany symbol zewnętrzny __imp_SetWindowLongW
sfml-window-s.lib(WindowImplWin32.cpp.obj) : error LNK2001: nierozpoznany symbol zewnętrzny __imp_GetWindowLongPtrW
sfml-window-s.lib(WindowImplWin32.cpp.obj) : error LNK2001: nierozpoznany symbol zewnętrzny __imp_SetWindowLongPtrW
sfml-window-s.lib(WindowImplWin32.cpp.obj) : error LNK2001: nierozpoznany symbol zewnętrzny __imp_GetWindowThreadProcessId
sfml-window-s.lib(WindowImplWin32.cpp.obj) : error LNK2001: nierozpoznany symbol zewnętrzny __imp_CreateIcon
sfml-window-s.lib(WindowImplWin32.cpp.obj) : error LNK2001: nierozpoznany symbol zewnętrzny __imp_DestroyIcon
sfml-window-s.lib(WindowImplWin32.cpp.obj) : error LNK2001: nierozpoznany symbol zewnętrzny __imp_ChangeDisplaySettingsW
sfml-window-s.lib(JoystickImpl.cpp.obj) : error LNK2001: nierozpoznany symbol zewnętrzny __imp_RegCloseKey
sfml-window-s.lib(JoystickImpl.cpp.obj) : error LNK2001: nierozpoznany symbol zewnętrzny __imp_RegOpenKeyExW
sfml-window-s.lib(JoystickImpl.cpp.obj) : error LNK2001: nierozpoznany symbol zewnętrzny __imp_RegQueryValueExW
F:\VS projekty\SFMLlast\x64\Release\SFMLlast.exe : fatal error LNK1120: liczba nierozpoznanych elementów zewnętrznych: 64
